<?xml version="1.0" encoding="UTF-8"?>
<!-- Generated by org.testng.reporters.JUnitXMLReporter -->
<testsuite ignored="0" hostname="YSOs-Mac-Pro.home" failures="0" tests="9" name="Default test" time="92.554" errors="0" timestamp="2020-10-05T23:24:52 EDT">
  <testcase classname="com.qa.verizon.test.HomePageTest" name="verifyHomePageTitle" time="0.024"/>
  <testcase classname="com.qa.verizon.test.HomePageTest" name="getHomeUrl" time="0.006"/>
  <testcase classname="com.qa.verizon.test.ShopPageTest" name="verifyPageTitle" time="4.764"/>
  <testcase classname="com.qa.verizon.test.ShopPageTest" name="verifyPageHeader" time="4.545"/>
  <testcase classname="com.qa.verizon.test.ShopPageTest" name="verifyURL" time="0.006"/>
  <testcase classname="com.qa.verizon.test.SmartPhoneTest" name="verifyTitle" time="1.571"/>
  <testcase classname="com.qa.verizon.test.SmartPhoneTest" name="verifyPageUrl" time="0.009"/>
  <testcase classname="com.qa.verizon.test.CartPageTest" name="verifyPageTitle" time="0.008"/>
  <testcase classname="com.qa.verizon.test.CartPageTest" name="verifyPhoneName" time="1.206"/>
</testsuite> <!-- Default test -->
