<?xml version="1.0" encoding="UTF-8"?>
<testng-results ignored="0" total="9" passed="9" failed="0" skipped="0">
  <reporter-output>
  </reporter-output>
  <suite started-at="2020-10-05T23:23:20 EDT" name="Default suite" finished-at="2020-10-05T23:24:52 EDT" duration-ms="92554">
    <groups>
    </groups>
    <test started-at="2020-10-05T23:23:20 EDT" name="Default test" finished-at="2020-10-05T23:24:52 EDT" duration-ms="92554">
      <class name="com.qa.verizon.test.CartPageTest">
        <test-method is-config="true" signature="setUp()[pri:0, instance:com.qa.verizon.test.CartPageTest@657c8ad9]" started-at="2020-10-05T23:24:11 EDT" name="setUp" finished-at="2020-10-05T23:24:32 EDT" duration-ms="21020" status="PASS">
          <reporter-output>
          </reporter-output>
        </test-method> <!-- setUp -->
        <test-method signature="verifyPageTitle()[pri:1, instance:com.qa.verizon.test.CartPageTest@657c8ad9]" started-at="2020-10-05T23:24:32 EDT" name="verifyPageTitle" description="Page title verified" finished-at="2020-10-05T23:24:32 EDT" duration-ms="8" status="PASS">
          <reporter-output>
          </reporter-output>
        </test-method> <!-- verifyPageTitle -->
        <test-method is-config="true" signature="tearDown()[pri:0, instance:com.qa.verizon.test.CartPageTest@657c8ad9]" started-at="2020-10-05T23:24:32 EDT" name="tearDown" finished-at="2020-10-05T23:24:32 EDT" duration-ms="156" status="PASS">
          <reporter-output>
          </reporter-output>
        </test-method> <!-- tearDown -->
        <test-method is-config="true" signature="setUp()[pri:0, instance:com.qa.verizon.test.CartPageTest@657c8ad9]" started-at="2020-10-05T23:24:32 EDT" name="setUp" finished-at="2020-10-05T23:24:51 EDT" duration-ms="18842" status="PASS">
          <reporter-output>
          </reporter-output>
        </test-method> <!-- setUp -->
        <test-method signature="verifyPhoneName()[pri:2, instance:com.qa.verizon.test.CartPageTest@657c8ad9]" started-at="2020-10-05T23:24:51 EDT" name="verifyPhoneName" description="Phone name verified" finished-at="2020-10-05T23:24:52 EDT" duration-ms="1206" status="PASS">
          <reporter-output>
          </reporter-output>
        </test-method> <!-- verifyPhoneName -->
        <test-method is-config="true" signature="tearDown()[pri:0, instance:com.qa.verizon.test.CartPageTest@657c8ad9]" started-at="2020-10-05T23:24:52 EDT" name="tearDown" finished-at="2020-10-05T23:24:52 EDT" duration-ms="174" status="PASS">
          <reporter-output>
          </reporter-output>
        </test-method> <!-- tearDown -->
      </class> <!-- com.qa.verizon.test.CartPageTest -->
      <class name="com.qa.verizon.test.SmartPhoneTest">
        <test-method is-config="true" signature="setUp()[pri:0, instance:com.qa.verizon.test.SmartPhoneTest@475e586c]" started-at="2020-10-05T23:23:47 EDT" name="setUp" finished-at="2020-10-05T23:23:58 EDT" duration-ms="10814" status="PASS">
          <reporter-output>
          </reporter-output>
        </test-method> <!-- setUp -->
        <test-method signature="verifyTitle()[pri:1, instance:com.qa.verizon.test.SmartPhoneTest@475e586c]" started-at="2020-10-05T23:23:58 EDT" name="verifyTitle" description="verify Selected Phone Page TITLE" finished-at="2020-10-05T23:24:00 EDT" duration-ms="1571" status="PASS">
          <reporter-output>
          </reporter-output>
        </test-method> <!-- verifyTitle -->
        <test-method is-config="true" signature="tearDown()[pri:0, instance:com.qa.verizon.test.SmartPhoneTest@475e586c]" started-at="2020-10-05T23:24:00 EDT" name="tearDown" finished-at="2020-10-05T23:24:00 EDT" duration-ms="123" status="PASS">
          <reporter-output>
          </reporter-output>
        </test-method> <!-- tearDown -->
        <test-method is-config="true" signature="setUp()[pri:0, instance:com.qa.verizon.test.SmartPhoneTest@475e586c]" started-at="2020-10-05T23:24:00 EDT" name="setUp" finished-at="2020-10-05T23:24:11 EDT" duration-ms="10617" status="PASS">
          <reporter-output>
          </reporter-output>
        </test-method> <!-- setUp -->
        <test-method signature="verifyPageUrl()[pri:4, instance:com.qa.verizon.test.SmartPhoneTest@475e586c]" started-at="2020-10-05T23:24:11 EDT" name="verifyPageUrl" description="verify page Url" finished-at="2020-10-05T23:24:11 EDT" duration-ms="9" status="PASS">
          <reporter-output>
          </reporter-output>
        </test-method> <!-- verifyPageUrl -->
        <test-method is-config="true" signature="tearDown()[pri:0, instance:com.qa.verizon.test.SmartPhoneTest@475e586c]" started-at="2020-10-05T23:24:11 EDT" name="tearDown" finished-at="2020-10-05T23:24:11 EDT" duration-ms="136" status="PASS">
          <reporter-output>
          </reporter-output>
        </test-method> <!-- tearDown -->
      </class> <!-- com.qa.verizon.test.SmartPhoneTest -->
      <class name="com.qa.verizon.test.HomePageTest">
        <test-method is-config="true" signature="setUp()[pri:0, instance:com.qa.verizon.test.HomePageTest@143640d5]" started-at="2020-10-05T23:23:20 EDT" name="setUp" finished-at="2020-10-05T23:23:22 EDT" duration-ms="2811" status="PASS">
          <reporter-output>
          </reporter-output>
        </test-method> <!-- setUp -->
        <test-method signature="verifyHomePageTitle()[pri:1, instance:com.qa.verizon.test.HomePageTest@143640d5]" started-at="2020-10-05T23:23:22 EDT" name="verifyHomePageTitle" description="get Home page title" finished-at="2020-10-05T23:23:22 EDT" duration-ms="24" status="PASS">
          <reporter-output>
          </reporter-output>
        </test-method> <!-- verifyHomePageTitle -->
        <test-method is-config="true" signature="tearDown()[pri:0, instance:com.qa.verizon.test.HomePageTest@143640d5]" started-at="2020-10-05T23:23:22 EDT" name="tearDown" finished-at="2020-10-05T23:23:23 EDT" duration-ms="104" status="PASS">
          <reporter-output>
          </reporter-output>
        </test-method> <!-- tearDown -->
        <test-method is-config="true" signature="setUp()[pri:0, instance:com.qa.verizon.test.HomePageTest@143640d5]" started-at="2020-10-05T23:23:23 EDT" name="setUp" finished-at="2020-10-05T23:23:25 EDT" duration-ms="2541" status="PASS">
          <reporter-output>
          </reporter-output>
        </test-method> <!-- setUp -->
        <test-method signature="getHomeUrl()[pri:2, instance:com.qa.verizon.test.HomePageTest@143640d5]" started-at="2020-10-05T23:23:25 EDT" name="getHomeUrl" description="get Home page URL" finished-at="2020-10-05T23:23:25 EDT" duration-ms="6" status="PASS">
          <reporter-output>
          </reporter-output>
        </test-method> <!-- getHomeUrl -->
        <test-method is-config="true" signature="tearDown()[pri:0, instance:com.qa.verizon.test.HomePageTest@143640d5]" started-at="2020-10-05T23:23:25 EDT" name="tearDown" finished-at="2020-10-05T23:23:25 EDT" duration-ms="110" status="PASS">
          <reporter-output>
          </reporter-output>
        </test-method> <!-- tearDown -->
      </class> <!-- com.qa.verizon.test.HomePageTest -->
      <class name="com.qa.verizon.test.ShopPageTest">
        <test-method is-config="true" signature="setUp()[pri:0, instance:com.qa.verizon.test.ShopPageTest@6295d394]" started-at="2020-10-05T23:23:25 EDT" name="setUp" finished-at="2020-10-05T23:23:29 EDT" duration-ms="4273" status="PASS">
          <reporter-output>
          </reporter-output>
        </test-method> <!-- setUp -->
        <test-method signature="verifyPageTitle()[pri:1, instance:com.qa.verizon.test.ShopPageTest@6295d394]" started-at="2020-10-05T23:23:29 EDT" name="verifyPageTitle" description="Shop Page title verified" finished-at="2020-10-05T23:23:34 EDT" duration-ms="4764" status="PASS">
          <reporter-output>
          </reporter-output>
        </test-method> <!-- verifyPageTitle -->
        <test-method is-config="true" signature="tearDown()[pri:0, instance:com.qa.verizon.test.ShopPageTest@6295d394]" started-at="2020-10-05T23:23:34 EDT" name="tearDown" finished-at="2020-10-05T23:23:34 EDT" duration-ms="127" status="PASS">
          <reporter-output>
          </reporter-output>
        </test-method> <!-- tearDown -->
        <test-method is-config="true" signature="setUp()[pri:0, instance:com.qa.verizon.test.ShopPageTest@6295d394]" started-at="2020-10-05T23:23:34 EDT" name="setUp" finished-at="2020-10-05T23:23:39 EDT" duration-ms="4131" status="PASS">
          <reporter-output>
          </reporter-output>
        </test-method> <!-- setUp -->
        <test-method signature="verifyPageHeader()[pri:2, instance:com.qa.verizon.test.ShopPageTest@6295d394]" started-at="2020-10-05T23:23:39 EDT" name="verifyPageHeader" description="Shop Page header verified" finished-at="2020-10-05T23:23:43 EDT" duration-ms="4545" status="PASS">
          <reporter-output>
          </reporter-output>
        </test-method> <!-- verifyPageHeader -->
        <test-method is-config="true" signature="tearDown()[pri:0, instance:com.qa.verizon.test.ShopPageTest@6295d394]" started-at="2020-10-05T23:23:43 EDT" name="tearDown" finished-at="2020-10-05T23:23:43 EDT" duration-ms="131" status="PASS">
          <reporter-output>
          </reporter-output>
        </test-method> <!-- tearDown -->
        <test-method is-config="true" signature="setUp()[pri:0, instance:com.qa.verizon.test.ShopPageTest@6295d394]" started-at="2020-10-05T23:23:43 EDT" name="setUp" finished-at="2020-10-05T23:23:47 EDT" duration-ms="4168" status="PASS">
          <reporter-output>
          </reporter-output>
        </test-method> <!-- setUp -->
        <test-method signature="verifyURL()[pri:3, instance:com.qa.verizon.test.ShopPageTest@6295d394]" started-at="2020-10-05T23:23:47 EDT" name="verifyURL" description="Shop Page URL verified" finished-at="2020-10-05T23:23:47 EDT" duration-ms="6" status="PASS">
          <reporter-output>
          </reporter-output>
        </test-method> <!-- verifyURL -->
        <test-method is-config="true" signature="tearDown()[pri:0, instance:com.qa.verizon.test.ShopPageTest@6295d394]" started-at="2020-10-05T23:23:47 EDT" name="tearDown" finished-at="2020-10-05T23:23:47 EDT" duration-ms="103" status="PASS">
          <reporter-output>
          </reporter-output>
        </test-method> <!-- tearDown -->
      </class> <!-- com.qa.verizon.test.ShopPageTest -->
    </test> <!-- Default test -->
  </suite> <!-- Default suite -->
</testng-results>
